/*C3*/SET SCHEMA PUBLIC
\u000a    create table Product (\u000a        id bigint generated by default as identity (start with 1),\u000a        name varchar(255),\u000a        value double,\u000a        primary key (id)\u000a    )
DISCONNECT
/*C2*/SET SCHEMA PUBLIC
DISCONNECT
/*C4*/SET SCHEMA PUBLIC
DISCONNECT
/*C7*/SET SCHEMA PUBLIC
INSERT INTO PRODUCT VALUES(1,'top de line',123.0E0)
COMMIT
DISCONNECT
/*C6*/SET SCHEMA PUBLIC
DISCONNECT
/*C5*/SET SCHEMA PUBLIC
DISCONNECT
/*C10*/SET SCHEMA PUBLIC
DISCONNECT
/*C9*/SET SCHEMA PUBLIC
DISCONNECT
/*C8*/SET SCHEMA PUBLIC
DISCONNECT
/*C11*/SET SCHEMA PUBLIC
DISCONNECT
/*C12*/SET SCHEMA PUBLIC
DISCONNECT
/*C13*/SET SCHEMA PUBLIC
DISCONNECT
